{"meta": {"version": "6.4.4", "timestamp": "2023-04-20T14:45:05.530577", "branch_coverage": false, "show_contexts": false}, "files": {"modulos\\__init__.py": {"executed_lines": [1], "summary": {"covered_lines": 0, "num_statements": 0, "percent_covered": 100.0, "percent_covered_display": "100", "missing_lines": 0, "excluded_lines": 0}, "missing_lines": [], "excluded_lines": []}, "modulos\\conversor.py": {"executed_lines": [4, 5, 6, 7, 8, 9, 11, 12, 13, 14, 15, 17], "summary": {"covered_lines": 12, "num_statements": 12, "percent_covered": 100.0, "percent_covered_display": "100", "missing_lines": 0, "excluded_lines": 0}, "missing_lines": [], "excluded_lines": []}, "modulos\\sensor.py": {"executed_lines": [3, 5, 6, 7, 8, 10, 11, 12, 13, 15, 17], "summary": {"covered_lines": 11, "num_statements": 11, "percent_covered": 100.0, "percent_covered_display": "100", "missing_lines": 0, "excluded_lines": 0}, "missing_lines": [], "excluded_lines": []}, "modulos\\termometro.py": {"executed_lines": [3, 4, 6, 7, 8, 9, 11], "summary": {"covered_lines": 7, "num_statements": 10, "percent_covered": 70.0, "percent_covered_display": "70", "missing_lines": 3, "excluded_lines": 0}, "missing_lines": [13, 14, 16], "excluded_lines": []}, "test\\__init__.py": {"executed_lines": [1], "summary": {"covered_lines": 0, "num_statements": 0, "percent_covered": 100.0, "percent_covered_display": "100", "missing_lines": 0, "excluded_lines": 0}, "missing_lines": [], "excluded_lines": []}, "test\\test_conversor.py": {"executed_lines": [3, 4, 6, 8, 9, 11, 12, 13, 14, 16], "summary": {"covered_lines": 10, "num_statements": 11, "percent_covered": 90.9090909090909, "percent_covered_display": "91", "missing_lines": 1, "excluded_lines": 0}, "missing_lines": [17], "excluded_lines": []}, "test\\test_sensor.py": {"executed_lines": [2, 3, 5, 7, 8, 10, 11, 12, 14, 15, 16, 19, 21], "summary": {"covered_lines": 13, "num_statements": 15, "percent_covered": 86.66666666666667, "percent_covered_display": "87", "missing_lines": 2, "excluded_lines": 0}, "missing_lines": [17, 22], "excluded_lines": []}, "test\\test_termometro.py": {"executed_lines": [4, 5, 7, 9, 10, 12, 13, 14, 16], "summary": {"covered_lines": 9, "num_statements": 10, "percent_covered": 90.0, "percent_covered_display": "90", "missing_lines": 1, "excluded_lines": 0}, "missing_lines": [17], "excluded_lines": []}}, "totals": {"covered_lines": 62, "num_statements": 69, "percent_covered": 89.85507246376811, "percent_covered_display": "90", "missing_lines": 7, "excluded_lines": 0}}